This is pdfTeX, Version 3.14159265-2.6-1.40.20 (TeX Live 2019) (preloaded format=pdflatex 2019.10.7)  10 MAR 2020 12:40
entering extended mode
 \write18 enabled.
 %&-line parsing enabled.
**main.tex
(./main.tex
LaTeX2e <2018-12-01>
(/usr/local/texlive/2019/texmf-dist/tex/latex/base/report.cls
Document Class: report 2018/09/03 v1.4i Standard LaTeX document class
(/usr/local/texlive/2019/texmf-dist/tex/latex/base/size10.clo
File: size10.clo 2018/09/03 v1.4i Standard LaTeX file (size option)
)
\c@part=\count80
\c@chapter=\count81
\c@section=\count82
\c@subsection=\count83
\c@subsubsection=\count84
\c@paragraph=\count85
\c@subparagraph=\count86
\c@figure=\count87
\c@table=\count88
\abovecaptionskip=\skip41
\belowcaptionskip=\skip42
\bibindent=\dimen102
)
(/usr/local/texlive/2019/texmf-dist/tex/latex/preprint/fullpage.sty
Package: fullpage 1999/02/23 1.1 (PWD)
\FP@margin=\skip43
)
(/usr/local/texlive/2019/texmf-dist/tex/latex/parskip/parskip.sty
Package: parskip 2019-01-16 v2.0c non-zero parskip adjustments

(/usr/local/texlive/2019/texmf-dist/tex/latex/oberdiek/kvoptions.sty
Package: kvoptions 2016/05/16 v3.12 Key value format for package options (HO)

(/usr/local/texlive/2019/texmf-dist/tex/latex/graphics/keyval.sty
Package: keyval 2014/10/28 v1.15 key=value parser (DPC)
\KV@toks@=\toks14
)
(/usr/local/texlive/2019/texmf-dist/tex/generic/oberdiek/ltxcmds.sty
Package: ltxcmds 2016/05/16 v1.23 LaTeX kernel commands for general use (HO)
)
(/usr/local/texlive/2019/texmf-dist/tex/generic/oberdiek/kvsetkeys.sty
Package: kvsetkeys 2016/05/16 v1.17 Key value parser (HO)

(/usr/local/texlive/2019/texmf-dist/tex/generic/oberdiek/infwarerr.sty
Package: infwarerr 2016/05/16 v1.4 Providing info/warning/error messages (HO)
)
(/usr/local/texlive/2019/texmf-dist/tex/generic/oberdiek/etexcmds.sty
Package: etexcmds 2016/05/16 v1.6 Avoid name clashes with e-TeX commands (HO)

(/usr/local/texlive/2019/texmf-dist/tex/generic/oberdiek/ifluatex.sty
Package: ifluatex 2016/05/16 v1.4 Provides the ifluatex switch (HO)
Package ifluatex Info: LuaTeX not detected.
))))
(/usr/local/texlive/2019/texmf-dist/tex/latex/etoolbox/etoolbox.sty
Package: etoolbox 2018/08/19 v2.5f e-TeX tools for LaTeX (JAW)
\etb@tempcnta=\count89
))
(/usr/local/texlive/2019/texmf-dist/tex/latex/setspace/setspace.sty
Package: setspace 2011/12/19 v6.7a set line spacing
)
(/usr/local/texlive/2019/texmf-dist/tex/latex/minted/minted.sty
Package: minted 2017/07/19 v2.5 Yet another Pygments shim for LaTeX

(/usr/local/texlive/2019/texmf-dist/tex/latex/fvextra/fvextra.sty
Package: fvextra 2019/02/04 v1.4 fvextra - extensions and patches for fancyvrb

(/usr/local/texlive/2019/texmf-dist/tex/latex/base/ifthen.sty
Package: ifthen 2014/09/29 v1.1c Standard LaTeX ifthen package (DPC)
)
(/usr/local/texlive/2019/texmf-dist/tex/latex/fancyvrb/fancyvrb.sty
Package: fancyvrb 2019/01/15

Style option: `fancyvrb' v3.2a <2019/01/15> (tvz)
\FV@CodeLineNo=\count90
\FV@InFile=\read1
\FV@TabBox=\box27
\c@FancyVerbLine=\count91
\FV@StepNumber=\count92
\FV@OutFile=\write3
)
(/usr/local/texlive/2019/texmf-dist/tex/latex/upquote/upquote.sty
Package: upquote 2012/04/19 v1.3 upright-quote and grave-accent glyphs in verba
tim
)
(/usr/local/texlive/2019/texmf-dist/tex/latex/lineno/lineno.sty
Package: lineno 2005/11/02 line numbers on paragraphs v4.41
\linenopenalty=\count93
\output=\toks15
\linenoprevgraf=\count94
\linenumbersep=\dimen103
\linenumberwidth=\dimen104
\c@linenumber=\count95
\c@pagewiselinenumber=\count96
\c@LN@truepage=\count97
\c@internallinenumber=\count98
\c@internallinenumbers=\count99
\quotelinenumbersep=\dimen105
\bframerule=\dimen106
\bframesep=\dimen107
\bframebox=\box28
LaTeX Info: Redefining \\ on input line 3056.
)
\c@FV@TrueTabGroupLevel=\count100
\c@FV@TrueTabCounter=\count101
\FV@TabBox@Group=\box29
\FV@TmpLength=\skip44
\c@FV@HighlightLinesStart=\count102
\c@FV@HighlightLinesStop=\count103
\FV@LoopCount=\count104
\FV@NCharsBox=\box30
\FV@BreakIndent=\dimen108
\FV@BreakIndentNChars=\count105
\FV@BreakSymbolSepLeft=\dimen109
\FV@BreakSymbolSepLeftNChars=\count106
\FV@BreakSymbolSepRight=\dimen110
\FV@BreakSymbolSepRightNChars=\count107
\FV@BreakSymbolIndentLeft=\dimen111
\FV@BreakSymbolIndentLeftNChars=\count108
\FV@BreakSymbolIndentRight=\dimen112
\FV@BreakSymbolIndentRightNChars=\count109
\c@FancyVerbLineBreakLast=\count110
\FV@LineBox=\box31
\FV@LineIndentBox=\box32
\FV@LineWidth=\dimen113
)
(/usr/local/texlive/2019/texmf-dist/tex/latex/tools/calc.sty
Package: calc 2017/05/25 v4.3 Infix arithmetic (KKT,FJ)
\calc@Acount=\count111
\calc@Bcount=\count112
\calc@Adimen=\dimen114
\calc@Bdimen=\dimen115
\calc@Askip=\skip45
\calc@Bskip=\skip46
LaTeX Info: Redefining \setlength on input line 80.
LaTeX Info: Redefining \addtolength on input line 81.
\calc@Ccount=\count113
\calc@Cskip=\skip47
)
(/usr/local/texlive/2019/texmf-dist/tex/latex/tools/shellesc.sty
Package: shellesc 2016/06/07 v0.02a unified shell escape interface for LaTeX
Package shellesc Info: Unrestricted shell escape enabled on input line 67.
)
(/usr/local/texlive/2019/texmf-dist/tex/latex/ifplatform/ifplatform.sty
Package: ifplatform 2017/10/13 v0.4a Testing for the operating system

(/usr/local/texlive/2019/texmf-dist/tex/generic/oberdiek/pdftexcmds.sty
Package: pdftexcmds 2018/09/10 v0.29 Utility functions of pdfTeX for LuaTeX (HO
)

(/usr/local/texlive/2019/texmf-dist/tex/generic/oberdiek/ifpdf.sty
Package: ifpdf 2018/09/07 v3.3 Provides the ifpdf switch
)
Package pdftexcmds Info: LuaTeX not detected.
Package pdftexcmds Info: \pdf@primitive is available.
Package pdftexcmds Info: \pdf@ifprimitive is available.
Package pdftexcmds Info: \pdfdraftmode found.
)
(/usr/local/texlive/2019/texmf-dist/tex/generic/oberdiek/catchfile.sty
Package: catchfile 2016/05/16 v1.7 Catch the contents of a file (HO)
)
runsystem(uname -s > "main.w18")...executed.


(./main.w18)
runsystem(rm -- "main.w18")...executed.

)
(/usr/local/texlive/2019/texmf-dist/tex/generic/xstring/xstring.sty
(/usr/local/texlive/2019/texmf-dist/tex/generic/xstring/xstring.tex
\integerpart=\count114
\decimalpart=\count115
)
Package: xstring 2019/02/06 v1.83 String manipulations (CT)
)
(/usr/local/texlive/2019/texmf-dist/tex/latex/framed/framed.sty
Package: framed 2011/10/22 v 0.96: framed or shaded text with page breaks
\OuterFrameSep=\skip48
\fb@frw=\dimen116
\fb@frh=\dimen117
\FrameRule=\dimen118
\FrameSep=\dimen119
)
(/usr/local/texlive/2019/texmf-dist/tex/latex/float/float.sty
Package: float 2001/11/08 v1.3d Float enhancements (AL)
\c@float@type=\count116
\float@exts=\toks16
\float@box=\box33
\@float@everytoks=\toks17
\@floatcapt=\box34
)
\minted@appexistsfile=\read2
\minted@bgbox=\box35
\minted@code=\write4
\c@minted@FancyVerbLineTemp=\count117
\c@minted@pygmentizecounter=\count118
\@float@every@listing=\toks18
\c@listing=\count119
)
runsystem(mkdir -p _minted-main)...executed.


(/usr/local/texlive/2019/texmf-dist/tex/latex/booktabs/booktabs.sty
Package: booktabs 2016/04/27 v1.618033 publication quality tables
\heavyrulewidth=\dimen120
\lightrulewidth=\dimen121
\cmidrulewidth=\dimen122
\belowrulesep=\dimen123
\belowbottomsep=\dimen124
\aboverulesep=\dimen125
\abovetopsep=\dimen126
\cmidrulesep=\dimen127
\cmidrulekern=\dimen128
\defaultaddspace=\dimen129
\@cmidla=\count120
\@cmidlb=\count121
\@aboverulesep=\dimen130
\@belowrulesep=\dimen131
\@thisruleclass=\count122
\@lastruleclass=\count123
\@thisrulewidth=\dimen132
)
(/usr/local/texlive/2019/texmf-dist/tex/latex/amsfonts/amssymb.sty
Package: amssymb 2013/01/14 v3.01 AMS font symbols

(/usr/local/texlive/2019/texmf-dist/tex/latex/amsfonts/amsfonts.sty
Package: amsfonts 2013/01/14 v3.01 Basic AMSFonts support
\@emptytoks=\toks19
\symAMSa=\mathgroup4
\symAMSb=\mathgroup5
LaTeX Font Info:    Overwriting math alphabet `\mathfrak' in version `bold'
(Font)                  U/euf/m/n --> U/euf/b/n on input line 106.
))
(/usr/local/texlive/2019/texmf-dist/tex/latex/amsmath/amsmath.sty
Package: amsmath 2018/12/01 v2.17b AMS math features
\@mathmargin=\skip49

For additional information on amsmath, use the `?' option.
(/usr/local/texlive/2019/texmf-dist/tex/latex/amsmath/amstext.sty
Package: amstext 2000/06/29 v2.01 AMS text

(/usr/local/texlive/2019/texmf-dist/tex/latex/amsmath/amsgen.sty
File: amsgen.sty 1999/11/30 v2.0 generic functions
\@emptytoks=\toks20
\ex@=\dimen133
))
(/usr/local/texlive/2019/texmf-dist/tex/latex/amsmath/amsbsy.sty
Package: amsbsy 1999/11/29 v1.2d Bold Symbols
\pmbraise@=\dimen134
)
(/usr/local/texlive/2019/texmf-dist/tex/latex/amsmath/amsopn.sty
Package: amsopn 2016/03/08 v2.02 operator names
)
\inf@bad=\count124
LaTeX Info: Redefining \frac on input line 223.
\uproot@=\count125
\leftroot@=\count126
LaTeX Info: Redefining \overline on input line 385.
\classnum@=\count127
\DOTSCASE@=\count128
LaTeX Info: Redefining \ldots on input line 482.
LaTeX Info: Redefining \dots on input line 485.
LaTeX Info: Redefining \cdots on input line 606.
\Mathstrutbox@=\box36
\strutbox@=\box37
\big@size=\dimen135
LaTeX Font Info:    Redeclaring font encoding OML on input line 729.
LaTeX Font Info:    Redeclaring font encoding OMS on input line 730.
\macc@depth=\count129
\c@MaxMatrixCols=\count130
\dotsspace@=\muskip10
\c@parentequation=\count131
\dspbrk@lvl=\count132
\tag@help=\toks21
\row@=\count133
\column@=\count134
\maxfields@=\count135
\andhelp@=\toks22
\eqnshift@=\dimen136
\alignsep@=\dimen137
\tagshift@=\dimen138
\tagwidth@=\dimen139
\totwidth@=\dimen140
\lineht@=\dimen141
\@envbody=\toks23
\multlinegap=\skip50
\multlinetaggap=\skip51
\mathdisplay@stack=\toks24
LaTeX Info: Redefining \[ on input line 2844.
LaTeX Info: Redefining \] on input line 2845.
)
(/usr/local/texlive/2019/texmf-dist/tex/latex/pgf/frontendlayer/tikz.sty
(/usr/local/texlive/2019/texmf-dist/tex/latex/pgf/basiclayer/pgf.sty
(/usr/local/texlive/2019/texmf-dist/tex/latex/pgf/utilities/pgfrcs.sty
(/usr/local/texlive/2019/texmf-dist/tex/generic/pgf/utilities/pgfutil-common.te
x
\pgfutil@everybye=\toks25
\pgfutil@tempdima=\dimen142
\pgfutil@tempdimb=\dimen143

(/usr/local/texlive/2019/texmf-dist/tex/generic/pgf/utilities/pgfutil-common-li
sts.tex))
(/usr/local/texlive/2019/texmf-dist/tex/generic/pgf/utilities/pgfutil-latex.def
\pgfutil@abb=\box38
(/usr/local/texlive/2019/texmf-dist/tex/latex/ms/everyshi.sty
Package: everyshi 2001/05/15 v3.00 EveryShipout Package (MS)
))
(/usr/local/texlive/2019/texmf-dist/tex/generic/pgf/utilities/pgfrcs.code.tex
(/usr/local/texlive/2019/texmf-dist/tex/generic/pgf/pgf.revision.tex)
Package: pgfrcs 2019/04/04 v3.1.2 (3.1.2)
))
Package: pgf 2019/04/04 v3.1.2 (3.1.2)

(/usr/local/texlive/2019/texmf-dist/tex/latex/pgf/basiclayer/pgfcore.sty
(/usr/local/texlive/2019/texmf-dist/tex/latex/graphics/graphicx.sty
Package: graphicx 2017/06/01 v1.1a Enhanced LaTeX Graphics (DPC,SPQR)

(/usr/local/texlive/2019/texmf-dist/tex/latex/graphics/graphics.sty
Package: graphics 2017/06/25 v1.2c Standard LaTeX Graphics (DPC,SPQR)

(/usr/local/texlive/2019/texmf-dist/tex/latex/graphics/trig.sty
Package: trig 2016/01/03 v1.10 sin cos tan (DPC)
)
(/usr/local/texlive/2019/texmf-dist/tex/latex/graphics-cfg/graphics.cfg
File: graphics.cfg 2016/06/04 v1.11 sample graphics configuration
)
Package graphics Info: Driver file: pdftex.def on input line 99.

(/usr/local/texlive/2019/texmf-dist/tex/latex/graphics-def/pdftex.def
File: pdftex.def 2018/01/08 v1.0l Graphics/color driver for pdftex
))
\Gin@req@height=\dimen144
\Gin@req@width=\dimen145
)
(/usr/local/texlive/2019/texmf-dist/tex/latex/pgf/systemlayer/pgfsys.sty
(/usr/local/texlive/2019/texmf-dist/tex/generic/pgf/systemlayer/pgfsys.code.tex
Package: pgfsys 2019/04/04 v3.1.2 (3.1.2)
(/usr/local/texlive/2019/texmf-dist/tex/generic/pgf/utilities/pgfkeys.code.tex
\pgfkeys@pathtoks=\toks26
\pgfkeys@temptoks=\toks27

(/usr/local/texlive/2019/texmf-dist/tex/generic/pgf/utilities/pgfkeysfiltered.c
ode.tex
\pgfkeys@tmptoks=\toks28
))
\pgf@x=\dimen146
\pgf@y=\dimen147
\pgf@xa=\dimen148
\pgf@ya=\dimen149
\pgf@xb=\dimen150
\pgf@yb=\dimen151
\pgf@xc=\dimen152
\pgf@yc=\dimen153
\w@pgf@writea=\write5
\r@pgf@reada=\read3
\c@pgf@counta=\count136
\c@pgf@countb=\count137
\c@pgf@countc=\count138
\c@pgf@countd=\count139
\t@pgf@toka=\toks29
\t@pgf@tokb=\toks30
\t@pgf@tokc=\toks31
\pgf@sys@id@count=\count140

(/usr/local/texlive/2019/texmf-dist/tex/generic/pgf/systemlayer/pgf.cfg
File: pgf.cfg 2019/04/04 v3.1.2 (3.1.2)
)
Driver file for pgf: pgfsys-pdftex.def

(/usr/local/texlive/2019/texmf-dist/tex/generic/pgf/systemlayer/pgfsys-pdftex.d
ef
File: pgfsys-pdftex.def 2019/04/04 v3.1.2 (3.1.2)

(/usr/local/texlive/2019/texmf-dist/tex/generic/pgf/systemlayer/pgfsys-common-p
df.def
File: pgfsys-common-pdf.def 2019/04/04 v3.1.2 (3.1.2)
)))
(/usr/local/texlive/2019/texmf-dist/tex/generic/pgf/systemlayer/pgfsyssoftpath.
code.tex
File: pgfsyssoftpath.code.tex 2019/04/04 v3.1.2 (3.1.2)
\pgfsyssoftpath@smallbuffer@items=\count141
\pgfsyssoftpath@bigbuffer@items=\count142
)
(/usr/local/texlive/2019/texmf-dist/tex/generic/pgf/systemlayer/pgfsysprotocol.
code.tex
File: pgfsysprotocol.code.tex 2019/04/04 v3.1.2 (3.1.2)
)) (/usr/local/texlive/2019/texmf-dist/tex/latex/xcolor/xcolor.sty
Package: xcolor 2016/05/11 v2.12 LaTeX color extensions (UK)

(/usr/local/texlive/2019/texmf-dist/tex/latex/graphics-cfg/color.cfg
File: color.cfg 2016/01/02 v1.6 sample color configuration
)
Package xcolor Info: Driver file: pdftex.def on input line 225.
Package xcolor Info: Model `cmy' substituted by `cmy0' on input line 1348.
Package xcolor Info: Model `hsb' substituted by `rgb' on input line 1352.
Package xcolor Info: Model `RGB' extended on input line 1364.
Package xcolor Info: Model `HTML' substituted by `rgb' on input line 1366.
Package xcolor Info: Model `Hsb' substituted by `hsb' on input line 1367.
Package xcolor Info: Model `tHsb' substituted by `hsb' on input line 1368.
Package xcolor Info: Model `HSB' substituted by `hsb' on input line 1369.
Package xcolor Info: Model `Gray' substituted by `gray' on input line 1370.
Package xcolor Info: Model `wave' substituted by `hsb' on input line 1371.
)
(/usr/local/texlive/2019/texmf-dist/tex/generic/pgf/basiclayer/pgfcore.code.tex
Package: pgfcore 2019/04/04 v3.1.2 (3.1.2)
(/usr/local/texlive/2019/texmf-dist/tex/generic/pgf/math/pgfmath.code.tex
(/usr/local/texlive/2019/texmf-dist/tex/generic/pgf/math/pgfmathcalc.code.tex
(/usr/local/texlive/2019/texmf-dist/tex/generic/pgf/math/pgfmathutil.code.tex)
(/usr/local/texlive/2019/texmf-dist/tex/generic/pgf/math/pgfmathparser.code.tex
\pgfmath@dimen=\dimen154
\pgfmath@count=\count143
\pgfmath@box=\box39
\pgfmath@toks=\toks32
\pgfmath@stack@operand=\toks33
\pgfmath@stack@operation=\toks34
)
(/usr/local/texlive/2019/texmf-dist/tex/generic/pgf/math/pgfmathfunctions.code.
tex
(/usr/local/texlive/2019/texmf-dist/tex/generic/pgf/math/pgfmathfunctions.basic
.code.tex)
(/usr/local/texlive/2019/texmf-dist/tex/generic/pgf/math/pgfmathfunctions.trigo
nometric.code.tex)
(/usr/local/texlive/2019/texmf-dist/tex/generic/pgf/math/pgfmathfunctions.rando
m.code.tex)
(/usr/local/texlive/2019/texmf-dist/tex/generic/pgf/math/pgfmathfunctions.compa
rison.code.tex)
(/usr/local/texlive/2019/texmf-dist/tex/generic/pgf/math/pgfmathfunctions.base.
code.tex)
(/usr/local/texlive/2019/texmf-dist/tex/generic/pgf/math/pgfmathfunctions.round
.code.tex)
(/usr/local/texlive/2019/texmf-dist/tex/generic/pgf/math/pgfmathfunctions.misc.
code.tex)
(/usr/local/texlive/2019/texmf-dist/tex/generic/pgf/math/pgfmathfunctions.integ
erarithmetics.code.tex)))
(/usr/local/texlive/2019/texmf-dist/tex/generic/pgf/math/pgfmathfloat.code.tex
\c@pgfmathroundto@lastzeros=\count144
))
(/usr/local/texlive/2019/texmf-dist/tex/generic/pgf/basiclayer/pgfcorepoints.co
de.tex
File: pgfcorepoints.code.tex 2019/04/04 v3.1.2 (3.1.2)
\pgf@picminx=\dimen155
\pgf@picmaxx=\dimen156
\pgf@picminy=\dimen157
\pgf@picmaxy=\dimen158
\pgf@pathminx=\dimen159
\pgf@pathmaxx=\dimen160
\pgf@pathminy=\dimen161
\pgf@pathmaxy=\dimen162
\pgf@xx=\dimen163
\pgf@xy=\dimen164
\pgf@yx=\dimen165
\pgf@yy=\dimen166
\pgf@zx=\dimen167
\pgf@zy=\dimen168
)
(/usr/local/texlive/2019/texmf-dist/tex/generic/pgf/basiclayer/pgfcorepathconst
ruct.code.tex
File: pgfcorepathconstruct.code.tex 2019/04/04 v3.1.2 (3.1.2)
\pgf@path@lastx=\dimen169
\pgf@path@lasty=\dimen170
)
(/usr/local/texlive/2019/texmf-dist/tex/generic/pgf/basiclayer/pgfcorepathusage
.code.tex
File: pgfcorepathusage.code.tex 2019/04/04 v3.1.2 (3.1.2)
\pgf@shorten@end@additional=\dimen171
\pgf@shorten@start@additional=\dimen172
)
(/usr/local/texlive/2019/texmf-dist/tex/generic/pgf/basiclayer/pgfcorescopes.co
de.tex
File: pgfcorescopes.code.tex 2019/04/04 v3.1.2 (3.1.2)
\pgfpic=\box40
\pgf@hbox=\box41
\pgf@layerbox@main=\box42
\pgf@picture@serial@count=\count145
)
(/usr/local/texlive/2019/texmf-dist/tex/generic/pgf/basiclayer/pgfcoregraphicst
ate.code.tex
File: pgfcoregraphicstate.code.tex 2019/04/04 v3.1.2 (3.1.2)
\pgflinewidth=\dimen173
)
(/usr/local/texlive/2019/texmf-dist/tex/generic/pgf/basiclayer/pgfcoretransform
ations.code.tex
File: pgfcoretransformations.code.tex 2019/04/04 v3.1.2 (3.1.2)
\pgf@pt@x=\dimen174
\pgf@pt@y=\dimen175
\pgf@pt@temp=\dimen176
)
(/usr/local/texlive/2019/texmf-dist/tex/generic/pgf/basiclayer/pgfcorequick.cod
e.tex
File: pgfcorequick.code.tex 2019/04/04 v3.1.2 (3.1.2)
)
(/usr/local/texlive/2019/texmf-dist/tex/generic/pgf/basiclayer/pgfcoreobjects.c
ode.tex
File: pgfcoreobjects.code.tex 2019/04/04 v3.1.2 (3.1.2)
)
(/usr/local/texlive/2019/texmf-dist/tex/generic/pgf/basiclayer/pgfcorepathproce
ssing.code.tex
File: pgfcorepathprocessing.code.tex 2019/04/04 v3.1.2 (3.1.2)
)
(/usr/local/texlive/2019/texmf-dist/tex/generic/pgf/basiclayer/pgfcorearrows.co
de.tex
File: pgfcorearrows.code.tex 2019/04/04 v3.1.2 (3.1.2)
\pgfarrowsep=\dimen177
)
(/usr/local/texlive/2019/texmf-dist/tex/generic/pgf/basiclayer/pgfcoreshade.cod
e.tex
File: pgfcoreshade.code.tex 2019/04/04 v3.1.2 (3.1.2)
\pgf@max=\dimen178
\pgf@sys@shading@range@num=\count146
\pgf@shadingcount=\count147
)
(/usr/local/texlive/2019/texmf-dist/tex/generic/pgf/basiclayer/pgfcoreimage.cod
e.tex
File: pgfcoreimage.code.tex 2019/04/04 v3.1.2 (3.1.2)

(/usr/local/texlive/2019/texmf-dist/tex/generic/pgf/basiclayer/pgfcoreexternal.
code.tex
File: pgfcoreexternal.code.tex 2019/04/04 v3.1.2 (3.1.2)
\pgfexternal@startupbox=\box43
))
(/usr/local/texlive/2019/texmf-dist/tex/generic/pgf/basiclayer/pgfcorelayers.co
de.tex
File: pgfcorelayers.code.tex 2019/04/04 v3.1.2 (3.1.2)
)
(/usr/local/texlive/2019/texmf-dist/tex/generic/pgf/basiclayer/pgfcoretranspare
ncy.code.tex
File: pgfcoretransparency.code.tex 2019/04/04 v3.1.2 (3.1.2)
)
(/usr/local/texlive/2019/texmf-dist/tex/generic/pgf/basiclayer/pgfcorepatterns.
code.tex
File: pgfcorepatterns.code.tex 2019/04/04 v3.1.2 (3.1.2)
)
(/usr/local/texlive/2019/texmf-dist/tex/generic/pgf/basiclayer/pgfcorerdf.code.
tex
File: pgfcorerdf.code.tex 2019/04/04 v3.1.2 (3.1.2)
)))
(/usr/local/texlive/2019/texmf-dist/tex/generic/pgf/modules/pgfmoduleshapes.cod
e.tex
File: pgfmoduleshapes.code.tex 2019/04/04 v3.1.2 (3.1.2)
\pgfnodeparttextbox=\box44
)
(/usr/local/texlive/2019/texmf-dist/tex/generic/pgf/modules/pgfmoduleplot.code.
tex
File: pgfmoduleplot.code.tex 2019/04/04 v3.1.2 (3.1.2)
)
(/usr/local/texlive/2019/texmf-dist/tex/latex/pgf/compatibility/pgfcomp-version
-0-65.sty
Package: pgfcomp-version-0-65 2019/04/04 v3.1.2 (3.1.2)
\pgf@nodesepstart=\dimen179
\pgf@nodesepend=\dimen180
)
(/usr/local/texlive/2019/texmf-dist/tex/latex/pgf/compatibility/pgfcomp-version
-1-18.sty
Package: pgfcomp-version-1-18 2019/04/04 v3.1.2 (3.1.2)
))
(/usr/local/texlive/2019/texmf-dist/tex/latex/pgf/utilities/pgffor.sty
(/usr/local/texlive/2019/texmf-dist/tex/latex/pgf/utilities/pgfkeys.sty
(/usr/local/texlive/2019/texmf-dist/tex/generic/pgf/utilities/pgfkeys.code.tex)
) (/usr/local/texlive/2019/texmf-dist/tex/latex/pgf/math/pgfmath.sty
(/usr/local/texlive/2019/texmf-dist/tex/generic/pgf/math/pgfmath.code.tex))
(/usr/local/texlive/2019/texmf-dist/tex/generic/pgf/utilities/pgffor.code.tex
Package: pgffor 2019/04/04 v3.1.2 (3.1.2)

(/usr/local/texlive/2019/texmf-dist/tex/generic/pgf/math/pgfmath.code.tex)
\pgffor@iter=\dimen181
\pgffor@skip=\dimen182
\pgffor@stack=\toks35
\pgffor@toks=\toks36
))
(/usr/local/texlive/2019/texmf-dist/tex/generic/pgf/frontendlayer/tikz/tikz.cod
e.tex
Package: tikz 2019/04/04 v3.1.2 (3.1.2)

(/usr/local/texlive/2019/texmf-dist/tex/generic/pgf/libraries/pgflibraryplothan
dlers.code.tex
File: pgflibraryplothandlers.code.tex 2019/04/04 v3.1.2 (3.1.2)
\pgf@plot@mark@count=\count148
\pgfplotmarksize=\dimen183
)
\tikz@lastx=\dimen184
\tikz@lasty=\dimen185
\tikz@lastxsaved=\dimen186
\tikz@lastysaved=\dimen187
\tikzleveldistance=\dimen188
\tikzsiblingdistance=\dimen189
\tikz@figbox=\box45
\tikz@figbox@bg=\box46
\tikz@tempbox=\box47
\tikz@tempbox@bg=\box48
\tikztreelevel=\count149
\tikznumberofchildren=\count150
\tikznumberofcurrentchild=\count151
\tikz@fig@count=\count152

(/usr/local/texlive/2019/texmf-dist/tex/generic/pgf/modules/pgfmodulematrix.cod
e.tex
File: pgfmodulematrix.code.tex 2019/04/04 v3.1.2 (3.1.2)
\pgfmatrixcurrentrow=\count153
\pgfmatrixcurrentcolumn=\count154
\pgf@matrix@numberofcolumns=\count155
)
\tikz@expandcount=\count156

(/usr/local/texlive/2019/texmf-dist/tex/generic/pgf/frontendlayer/tikz/librarie
s/tikzlibrarytopaths.code.tex
File: tikzlibrarytopaths.code.tex 2019/04/04 v3.1.2 (3.1.2)
)))
(/usr/local/texlive/2019/texmf-dist/tex/generic/pgf/frontendlayer/tikz/librarie
s/tikzlibraryshapes.code.tex
File: tikzlibraryshapes.code.tex 2019/04/04 v3.1.2 (3.1.2)

(/usr/local/texlive/2019/texmf-dist/tex/generic/pgf/frontendlayer/tikz/librarie
s/tikzlibraryshapes.geometric.code.tex
File: tikzlibraryshapes.geometric.code.tex 2019/04/04 v3.1.2 (3.1.2)

(/usr/local/texlive/2019/texmf-dist/tex/generic/pgf/libraries/shapes/pgflibrary
shapes.geometric.code.tex
File: pgflibraryshapes.geometric.code.tex 2019/04/04 v3.1.2 (3.1.2)
))
(/usr/local/texlive/2019/texmf-dist/tex/generic/pgf/frontendlayer/tikz/librarie
s/tikzlibraryshapes.misc.code.tex
File: tikzlibraryshapes.misc.code.tex 2019/04/04 v3.1.2 (3.1.2)

(/usr/local/texlive/2019/texmf-dist/tex/generic/pgf/libraries/shapes/pgflibrary
shapes.misc.code.tex
File: pgflibraryshapes.misc.code.tex 2019/04/04 v3.1.2 (3.1.2)
))
(/usr/local/texlive/2019/texmf-dist/tex/generic/pgf/frontendlayer/tikz/librarie
s/tikzlibraryshapes.symbols.code.tex
File: tikzlibraryshapes.symbols.code.tex 2019/04/04 v3.1.2 (3.1.2)

(/usr/local/texlive/2019/texmf-dist/tex/generic/pgf/libraries/shapes/pgflibrary
shapes.symbols.code.tex
File: pgflibraryshapes.symbols.code.tex 2019/04/04 v3.1.2 (3.1.2)
))
(/usr/local/texlive/2019/texmf-dist/tex/generic/pgf/frontendlayer/tikz/librarie
s/tikzlibraryshapes.arrows.code.tex
File: tikzlibraryshapes.arrows.code.tex 2019/04/04 v3.1.2 (3.1.2)

(/usr/local/texlive/2019/texmf-dist/tex/generic/pgf/libraries/shapes/pgflibrary
shapes.arrows.code.tex
File: pgflibraryshapes.arrows.code.tex 2019/04/04 v3.1.2 (3.1.2)
))
(/usr/local/texlive/2019/texmf-dist/tex/generic/pgf/frontendlayer/tikz/librarie
s/tikzlibraryshapes.callouts.code.tex
(/usr/local/texlive/2019/texmf-dist/tex/generic/pgf/libraries/shapes/pgflibrary
shapes.callouts.code.tex))
(/usr/local/texlive/2019/texmf-dist/tex/generic/pgf/frontendlayer/tikz/librarie
s/tikzlibraryshapes.multipart.code.tex
File: tikzlibraryshapes.multipart.code.tex 2019/04/04 v3.1.2 (3.1.2)

(/usr/local/texlive/2019/texmf-dist/tex/generic/pgf/libraries/shapes/pgflibrary
shapes.multipart.code.tex
File: pgflibraryshapes.multipart.code.tex 2019/04/04 v3.1.2 (3.1.2)
\pgfnodepartlowerbox=\box49
\pgfnodeparttwobox=\box50
\pgfnodepartthreebox=\box51
\pgfnodepartfourbox=\box52
\pgfnodeparttwentybox=\box53
\pgfnodepartnineteenbox=\box54
\pgfnodeparteighteenbox=\box55
\pgfnodepartseventeenbox=\box56
\pgfnodepartsixteenbox=\box57
\pgfnodepartfifteenbox=\box58
\pgfnodepartfourteenbox=\box59
\pgfnodepartthirteenbox=\box60
\pgfnodeparttwelvebox=\box61
\pgfnodepartelevenbox=\box62
\pgfnodeparttenbox=\box63
\pgfnodepartninebox=\box64
\pgfnodeparteightbox=\box65
\pgfnodepartsevenbox=\box66
\pgfnodepartsixbox=\box67
\pgfnodepartfivebox=\box68
)))
(/usr/local/texlive/2019/texmf-dist/tex/generic/pgf/frontendlayer/tikz/librarie
s/tikzlibrarycalc.code.tex
File: tikzlibrarycalc.code.tex 2019/04/04 v3.1.2 (3.1.2)
)
(/usr/local/texlive/2019/texmf-dist/tex/latex/lipsum/lipsum.sty
(/usr/local/texlive/2019/texmf-dist/tex/latex/l3kernel/expl3.sty
Package: expl3 2019-05-07 L3 programming layer (loader) 

(/usr/local/texlive/2019/texmf-dist/tex/latex/l3kernel/expl3-code.tex
Package: expl3 2019-05-07 L3 programming layer (code)
\c_max_int=\count157
\l_tmpa_int=\count158
\l_tmpb_int=\count159
\g_tmpa_int=\count160
\g_tmpb_int=\count161
\g__kernel_prg_map_int=\count162
\c__ior_term_ior=\count163
\c_log_iow=\count164
\l_iow_line_count_int=\count165
\l__iow_line_target_int=\count166
\l__iow_one_indent_int=\count167
\l__iow_indent_int=\count168
\c_zero_dim=\dimen190
\c_max_dim=\dimen191
\l_tmpa_dim=\dimen192
\l_tmpb_dim=\dimen193
\g_tmpa_dim=\dimen194
\g_tmpb_dim=\dimen195
\c_zero_skip=\skip52
\c_max_skip=\skip53
\l_tmpa_skip=\skip54
\l_tmpb_skip=\skip55
\g_tmpa_skip=\skip56
\g_tmpb_skip=\skip57
\c_zero_muskip=\muskip11
\c_max_muskip=\muskip12
\l_tmpa_muskip=\muskip13
\l_tmpb_muskip=\muskip14
\g_tmpa_muskip=\muskip15
\g_tmpb_muskip=\muskip16
\l_keys_choice_int=\count169
\l__intarray_loop_int=\count170
\c__intarray_sp_dim=\dimen196
\g__intarray_font_int=\count171
\c__fp_leading_shift_int=\count172
\c__fp_middle_shift_int=\count173
\c__fp_trailing_shift_int=\count174
\c__fp_big_leading_shift_int=\count175
\c__fp_big_middle_shift_int=\count176
\c__fp_big_trailing_shift_int=\count177
\c__fp_Bigg_leading_shift_int=\count178
\c__fp_Bigg_middle_shift_int=\count179
\c__fp_Bigg_trailing_shift_int=\count180
\c__kernel_randint_max_int=\count181
\g__fp_array_int=\count182
\l__fp_array_loop_int=\count183
\l__sort_length_int=\count184
\l__sort_min_int=\count185
\l__sort_top_int=\count186
\l__sort_max_int=\count187
\l__sort_true_max_int=\count188
\l__sort_block_int=\count189
\l__sort_begin_int=\count190
\l__sort_end_int=\count191
\l__sort_A_int=\count192
\l__sort_B_int=\count193
\l__sort_C_int=\count194
\l__tl_analysis_normal_int=\count195
\l__tl_analysis_index_int=\count196
\l__tl_analysis_nesting_int=\count197
\l__tl_analysis_type_int=\count198
\l__regex_internal_a_int=\count199
\l__regex_internal_b_int=\count266
\l__regex_internal_c_int=\count267
\l__regex_balance_int=\count268
\l__regex_group_level_int=\count269
\l__regex_mode_int=\count270
\c__regex_cs_in_class_mode_int=\count271
\c__regex_cs_mode_int=\count272
\l__regex_catcodes_int=\count273
\l__regex_default_catcodes_int=\count274
\c__regex_catcode_D_int=\count275
\c__regex_catcode_S_int=\count276
\c__regex_catcode_L_int=\count277
\c__regex_catcode_O_int=\count278
\c__regex_catcode_A_int=\count279
\c__regex_all_catcodes_int=\count280
\l__regex_show_lines_int=\count281
\l__regex_min_state_int=\count282
\l__regex_max_state_int=\count283
\l__regex_left_state_int=\count284
\l__regex_right_state_int=\count285
\l__regex_capturing_group_int=\count286
\l__regex_min_pos_int=\count287
\l__regex_max_pos_int=\count288
\l__regex_curr_pos_int=\count289
\l__regex_start_pos_int=\count290
\l__regex_success_pos_int=\count291
\l__regex_curr_char_int=\count292
\l__regex_curr_catcode_int=\count293
\l__regex_last_char_int=\count294
\l__regex_case_changed_char_int=\count295
\l__regex_curr_state_int=\count296
\l__regex_step_int=\count297
\l__regex_min_active_int=\count298
\l__regex_max_active_int=\count299
\l__regex_replacement_csnames_int=\count300
\l__regex_match_count_int=\count301
\l__regex_min_submatch_int=\count302
\l__regex_submatch_int=\count303
\l__regex_zeroth_submatch_int=\count304
\g__regex_trace_regex_int=\count305
\c_empty_box=\box69
\l_tmpa_box=\box70
\l_tmpb_box=\box71
\g_tmpa_box=\box72
\g_tmpb_box=\box73
\l__box_top_dim=\dimen197
\l__box_bottom_dim=\dimen198
\l__box_left_dim=\dimen199
\l__box_right_dim=\dimen256
\l__box_top_new_dim=\dimen257
\l__box_bottom_new_dim=\dimen258
\l__box_left_new_dim=\dimen259
\l__box_right_new_dim=\dimen260
\l__box_internal_box=\box74
\l__coffin_internal_box=\box75
\l__coffin_internal_dim=\dimen261
\l__coffin_offset_x_dim=\dimen262
\l__coffin_offset_y_dim=\dimen263
\l__coffin_x_dim=\dimen264
\l__coffin_y_dim=\dimen265
\l__coffin_x_prime_dim=\dimen266
\l__coffin_y_prime_dim=\dimen267
\c_empty_coffin=\box76
\l__coffin_aligned_coffin=\box77
\l__coffin_aligned_internal_coffin=\box78
\l_tmpa_coffin=\box79
\l_tmpb_coffin=\box80
\g_tmpa_coffin=\box81
\g_tmpb_coffin=\box82
\l__coffin_bounding_shift_dim=\dimen268
\l__coffin_left_corner_dim=\dimen269
\l__coffin_right_corner_dim=\dimen270
\l__coffin_bottom_corner_dim=\dimen271
\l__coffin_top_corner_dim=\dimen272
\l__coffin_scaled_total_height_dim=\dimen273
\l__coffin_scaled_width_dim=\dimen274
\c__coffin_empty_coffin=\box83
\l__coffin_display_coffin=\box84
\l__coffin_display_coord_coffin=\box85
\l__coffin_display_pole_coffin=\box86
\l__coffin_display_offset_dim=\dimen275
\l__coffin_display_x_dim=\dimen276
\l__coffin_display_y_dim=\dimen277
\g__file_internal_ior=\read4
\l__seq_internal_a_int=\count306
\l__seq_internal_b_int=\count307
\c__deprecation_minus_one=\count308
)
(/usr/local/texlive/2019/texmf-dist/tex/latex/l3kernel/l3pdfmode.def
File: l3pdfmode.def 2019-04-06 v L3 Experimental driver: PDF mode
\l__driver_color_stack_int=\count309
\l__driver_pdf_tmp_box=\box87
))
(/usr/local/texlive/2019/texmf-dist/tex/latex/l3packages/xparse/xparse.sty
Package: xparse 2019-05-03 L3 Experimental document command parser
\l__xparse_current_arg_int=\count310
\g__xparse_grabber_int=\count311
\l__xparse_m_args_int=\count312
\l__xparse_v_nesting_int=\count313
)
Package: lipsum 2019/01/02 v2.2 150 paragraphs of Lorem Ipsum dummy text

(/usr/local/texlive/2019/texmf-dist/tex/latex/lipsum/lipsum.ltd.tex
File: lipsum.ltd.tex 2019/01/02 v2.2 The Lorem ipsum dummy text
))
(/usr/local/texlive/2019/texmf-dist/tex/latex/hyperref/hyperref.sty
Package: hyperref 2018/11/30 v6.88e Hypertext links for LaTeX

(/usr/local/texlive/2019/texmf-dist/tex/generic/oberdiek/hobsub-hyperref.sty
Package: hobsub-hyperref 2016/05/16 v1.14 Bundle oberdiek, subset hyperref (HO)


(/usr/local/texlive/2019/texmf-dist/tex/generic/oberdiek/hobsub-generic.sty
Package: hobsub-generic 2016/05/16 v1.14 Bundle oberdiek, subset generic (HO)
Package: hobsub 2016/05/16 v1.14 Construct package bundles (HO)
Package hobsub Info: Skipping package `infwarerr' (already loaded).
Package hobsub Info: Skipping package `ltxcmds' (already loaded).
Package hobsub Info: Skipping package `ifluatex' (already loaded).
Package: ifvtex 2016/05/16 v1.6 Detect VTeX and its facilities (HO)
Package ifvtex Info: VTeX not detected.
Package: intcalc 2016/05/16 v1.2 Expandable calculations with integers (HO)
Package hobsub Info: Skipping package `ifpdf' (already loaded).
Package hobsub Info: Skipping package `etexcmds' (already loaded).
Package hobsub Info: Skipping package `kvsetkeys' (already loaded).
Package: kvdefinekeys 2016/05/16 v1.4 Define keys (HO)
Package hobsub Info: Skipping package `pdftexcmds' (already loaded).
Package: pdfescape 2016/05/16 v1.14 Implements pdfTeX's escape features (HO)
Package: bigintcalc 2016/05/16 v1.4 Expandable calculations on big integers (HO
)
Package: bitset 2016/05/16 v1.2 Handle bit-vector datatype (HO)
Package: uniquecounter 2016/05/16 v1.3 Provide unlimited unique counter (HO)
)
Package hobsub Info: Skipping package `hobsub' (already loaded).
Package: letltxmacro 2016/05/16 v1.5 Let assignment for LaTeX macros (HO)
Package: hopatch 2016/05/16 v1.3 Wrapper for package hooks (HO)
Package: xcolor-patch 2016/05/16 xcolor patch
Package: atveryend 2016/05/16 v1.9 Hooks at the very end of document (HO)
Package: atbegshi 2016/06/09 v1.18 At begin shipout hook (HO)
Package: refcount 2016/05/16 v3.5 Data extraction from label references (HO)
Package: hycolor 2016/05/16 v1.8 Color options for hyperref/bookmark (HO)
)
(/usr/local/texlive/2019/texmf-dist/tex/generic/ifxetex/ifxetex.sty
Package: ifxetex 2010/09/12 v0.6 Provides ifxetex conditional
)
(/usr/local/texlive/2019/texmf-dist/tex/latex/oberdiek/auxhook.sty
Package: auxhook 2016/05/16 v1.4 Hooks for auxiliary files (HO)
)
\@linkdim=\dimen278
\Hy@linkcounter=\count314
\Hy@pagecounter=\count315

(/usr/local/texlive/2019/texmf-dist/tex/latex/hyperref/pd1enc.def
File: pd1enc.def 2018/11/30 v6.88e Hyperref: PDFDocEncoding definition (HO)
Now handling font encoding PD1 ...
... no UTF-8 mapping file for font encoding PD1
)
\Hy@SavedSpaceFactor=\count316

(/usr/local/texlive/2019/texmf-dist/tex/latex/latexconfig/hyperref.cfg
File: hyperref.cfg 2002/06/06 v1.2 hyperref configuration of TeXLive
)
Package hyperref Info: Hyper figures OFF on input line 4519.
Package hyperref Info: Link nesting OFF on input line 4524.
Package hyperref Info: Hyper index ON on input line 4527.
Package hyperref Info: Plain pages OFF on input line 4534.
Package hyperref Info: Backreferencing OFF on input line 4539.
Package hyperref Info: Implicit mode ON; LaTeX internals redefined.
Package hyperref Info: Bookmarks ON on input line 4772.
\c@Hy@tempcnt=\count317

(/usr/local/texlive/2019/texmf-dist/tex/latex/url/url.sty
\Urlmuskip=\muskip17
Package: url 2013/09/16  ver 3.4  Verb mode for urls, etc.
)
LaTeX Info: Redefining \url on input line 5125.
\XeTeXLinkMargin=\dimen279
\Fld@menulength=\count318
\Field@Width=\dimen280
\Fld@charsize=\dimen281
Package hyperref Info: Hyper figures OFF on input line 6380.
Package hyperref Info: Link nesting OFF on input line 6385.
Package hyperref Info: Hyper index ON on input line 6388.
Package hyperref Info: backreferencing OFF on input line 6395.
Package hyperref Info: Link coloring OFF on input line 6400.
Package hyperref Info: Link coloring with OCG OFF on input line 6405.
Package hyperref Info: PDF/A mode OFF on input line 6410.
LaTeX Info: Redefining \ref on input line 6450.
LaTeX Info: Redefining \pageref on input line 6454.
\Hy@abspage=\count319
\c@Item=\count320
\c@Hfootnote=\count321
)
Package hyperref Info: Driver (autodetected): hpdftex.

(/usr/local/texlive/2019/texmf-dist/tex/latex/hyperref/hpdftex.def
File: hpdftex.def 2018/11/30 v6.88e Hyperref driver for pdfTeX
\Fld@listcount=\count322
\c@bookmark@seq@number=\count323

(/usr/local/texlive/2019/texmf-dist/tex/latex/oberdiek/rerunfilecheck.sty
Package: rerunfilecheck 2016/05/16 v1.8 Rerun checks for auxiliary files (HO)
Package uniquecounter Info: New unique counter `rerunfilecheck' on input line 2
82.
)
\Hy@SectionHShift=\skip58
)
(/usr/local/texlive/2019/texmf-dist/tex/generic/babel/babel.sty
Package: babel 2019/05/04 3.31 The Babel package

(/usr/local/texlive/2019/texmf-dist/tex/generic/babel/switch.def
File: switch.def 2019/05/04 3.31 Babel switching mechanism
)
(/usr/local/texlive/2019/texmf-dist/tex/generic/babel-welsh/welsh.ldf
Language: welsh 2015/09/03 v1.1a Welsh support from the babel system

(/usr/local/texlive/2019/texmf-dist/tex/generic/babel/babel.def
File: babel.def 2019/05/04 3.31 Babel common definitions
\babel@savecnt=\count324
\U@D=\dimen282

(/usr/local/texlive/2019/texmf-dist/tex/generic/babel/txtbabel.def)
\bbl@dirlevel=\count325
)))
(/usr/local/texlive/2019/texmf-dist/tex/latex/tools/verbatim.sty
Package: verbatim 2014/10/28 v1.5q LaTeX2e package for verbatim enhancements
\every@verbatim=\toks37
\verbatim@line=\toks38
\verbatim@in@stream=\read5
)
\c@definition=\count326
\c@theorem=\count327
\c@proof=\count328
runsystem(which pygmentize && touch main.aex)...executed.

runsystem(rm main.aex)...executed.

 (./main.aux
(./frontcover.aux) (./diolchadau.aux) (./chapters/Cyflwyniad.aux)
(./chapters/Clystyru_k_modd.aux) (./chapters/Atchweliad_logistaidd.aux)
(./chapters/Termau.aux))
\openout1 = `main.aux'.

LaTeX Font Info:    Checking defaults for OML/cmm/m/it on input line 29.
LaTeX Font Info:    ... okay on input line 29.
LaTeX Font Info:    Checking defaults for T1/cmr/m/n on input line 29.
LaTeX Font Info:    ... okay on input line 29.
LaTeX Font Info:    Checking defaults for OT1/cmr/m/n on input line 29.
LaTeX Font Info:    ... okay on input line 29.
LaTeX Font Info:    Checking defaults for OMS/cmsy/m/n on input line 29.
LaTeX Font Info:    ... okay on input line 29.
LaTeX Font Info:    Checking defaults for OMX/cmex/m/n on input line 29.
LaTeX Font Info:    ... okay on input line 29.
LaTeX Font Info:    Checking defaults for U/cmr/m/n on input line 29.
LaTeX Font Info:    ... okay on input line 29.
LaTeX Font Info:    Checking defaults for PD1/pdf/m/n on input line 29.
LaTeX Font Info:    ... okay on input line 29.
 ABD: EveryShipout initializing macros
(/usr/local/texlive/2019/texmf-dist/tex/context/base/mkii/supp-pdf.mkii
[Loading MPS to PDF converter (version 2006.09.02).]
\scratchcounter=\count329
\scratchdimen=\dimen283
\scratchbox=\box88
\nofMPsegments=\count330
\nofMParguments=\count331
\everyMPshowfont=\toks39
\MPscratchCnt=\count332
\MPscratchDim=\dimen284
\MPnumerator=\count333
\makeMPintoPDFobject=\count334
\everyMPtoPDFconversion=\toks40
) (/usr/local/texlive/2019/texmf-dist/tex/latex/oberdiek/epstopdf-base.sty
Package: epstopdf-base 2016/05/15 v2.6 Base part for package epstopdf

(/usr/local/texlive/2019/texmf-dist/tex/latex/oberdiek/grfext.sty
Package: grfext 2016/05/16 v1.2 Manage graphics extensions (HO)
)
Package epstopdf-base Info: Redefining graphics rule for `.eps' on input line 4
38.
Package grfext Info: Graphics extension search list:
(grfext)             [.pdf,.png,.jpg,.mps,.jpeg,.jbig2,.jb2,.PDF,.PNG,.JPG,.JPE
G,.JBIG2,.JB2,.eps]
(grfext)             \AppendGraphicsExtensions on input line 456.

(/usr/local/texlive/2019/texmf-dist/tex/latex/latexconfig/epstopdf-sys.cfg
File: epstopdf-sys.cfg 2010/07/13 v1.3 Configuration of (r)epstopdf for TeX Liv
e
))
\AtBeginShipoutBox=\box89
Package hyperref Info: Link coloring OFF on input line 29.

(/usr/local/texlive/2019/texmf-dist/tex/latex/hyperref/nameref.sty
Package: nameref 2016/05/21 v2.44 Cross-referencing by name of section

(/usr/local/texlive/2019/texmf-dist/tex/generic/oberdiek/gettitlestring.sty
Package: gettitlestring 2016/05/16 v1.5 Cleanup title references (HO)
)
\c@section@level=\count335
)
LaTeX Info: Redefining \ref on input line 29.
LaTeX Info: Redefining \pageref on input line 29.
LaTeX Info: Redefining \nameref on input line 29.

(./main.out) (./main.out)
\@outlinefile=\write6
\openout6 = `main.out'.

\openout2 = `frontcover.aux'.

 (./frontcover.tex

pdfTeX warning: pdflatex (file ../img/cflogo.pdf): PDF inclusion: found PDF ver
sion <1.7>, but at most version <1.5> allowed
<../img/cflogo.pdf, id=107, 129.48375pt x 124.465pt>
File: ../img/cflogo.pdf Graphic file (type pdf)
<use ../img/cflogo.pdf>
Package pdftex.def Info: ../img/cflogo.pdf  used on input line 23.
(pdftex.def)             Requested size: 70.46037pt x 67.73236pt.
[1


{/usr/local/texlive/2019/texmf-var/fonts/map/pdftex/updmap/pdftex.map} <../img/
cflogo.pdf>])
\openout2 = `diolchadau.aux'.

 (./diolchadau.tex)pdfTeX warning (ext4): destination with the same identifier 
(name{page.1}) has been already used, duplicate ignored
<to be read again> 
                   \relax 
l.31     \include{diolchadau}
                              [1


] (./main.toc
LaTeX Font Info:    Try loading font information for U+msa on input line 3.

(/usr/local/texlive/2019/texmf-dist/tex/latex/amsfonts/umsa.fd
File: umsa.fd 2013/01/14 v3.01 AMS symbols A
)
LaTeX Font Info:    Try loading font information for U+msb on input line 3.

(/usr/local/texlive/2019/texmf-dist/tex/latex/amsfonts/umsb.fd
File: umsb.fd 2013/01/14 v3.01 AMS symbols B
))
\tf@toc=\write7
\openout7 = `main.toc'.

 [2


]
(./main.lof)
\tf@lof=\write8
\openout8 = `main.lof'.

 [3

]
\openout2 = `chapters/Cyflwyniad.aux'.

 (./chapters/Cyflwyniad.tex
Pennod 1.
) [4


]
\openout2 = `chapters/Clystyru_k_modd.aux'.

 (./chapters/Clystyru_k_modd.tex
Pennod 2.

Package hyperref Warning: Token not allowed in a PDF string (PDFDocEncoding):
(hyperref)                removing `math shift' on input line 1.


Package hyperref Warning: Token not allowed in a PDF string (PDFDocEncoding):
(hyperref)                removing `math shift' on input line 1.

<../img/Scatterpython.jpeg, id=186, 433.62pt x 289.08pt>
File: ../img/Scatterpython.jpeg Graphic file (type jpg)
<use ../img/Scatterpython.jpeg>
Package pdftex.def Info: ../img/Scatterpython.jpeg  used on input line 8.
(pdftex.def)             Requested size: 187.89914pt x 125.26797pt.
<../img/3clystwrpython.jpeg, id=187, 433.62pt x 289.08pt>
File: ../img/3clystwrpython.jpeg Graphic file (type jpg)
<use ../img/3clystwrpython.jpeg>
Package pdftex.def Info: ../img/3clystwrpython.jpeg  used on input line 14.
(pdftex.def)             Requested size: 187.89914pt x 125.26797pt.

Package hyperref Warning: Token not allowed in a PDF string (PDFDocEncoding):
(hyperref)                removing `math shift' on input line 25.


Package hyperref Warning: Token not allowed in a PDF string (PDFDocEncoding):
(hyperref)                removing `math shift' on input line 25.

[5



 <../img/Scatterpython.jpeg> <../img/3clystwrpython.jpeg>]
<../img/Cam1.jpeg, id=198, 603.75563pt x 304.88907pt>
File: ../img/Cam1.jpeg Graphic file (type jpg)
<use ../img/Cam1.jpeg>
Package pdftex.def Info: ../img/Cam1.jpeg  used on input line 36.
(pdftex.def)             Requested size: 234.8775pt x 118.6085pt.
<../img/ClystyrauCychwynol.jpeg, id=199, 603.75563pt x 304.88907pt>
File: ../img/ClystyrauCychwynol.jpeg Graphic file (type jpg)
<use ../img/ClystyrauCychwynol.jpeg>
Package pdftex.def Info: ../img/ClystyrauCychwynol.jpeg  used on input line 46.

(pdftex.def)             Requested size: 234.8775pt x 118.6085pt.
<../img/Cam3.jpeg, id=200, 603.75563pt x 304.88907pt>
File: ../img/Cam3.jpeg Graphic file (type jpg)
<use ../img/Cam3.jpeg>
Package pdftex.def Info: ../img/Cam3.jpeg  used on input line 54.
(pdftex.def)             Requested size: 234.8775pt x 118.6085pt.
<../img/Convergence4.jpeg, id=201, 603.75563pt x 304.88907pt>
File: ../img/Convergence4.jpeg Graphic file (type jpg)
<use ../img/Convergence4.jpeg>
Package pdftex.def Info: ../img/Convergence4.jpeg  used on input line 62.
(pdftex.def)             Requested size: 234.8775pt x 118.6085pt.
 [6 <../img/Cam1.jpeg> <../img/ClystyrauCychwynol.jpeg> <../img/Cam3.jpeg>]

Package hyperref Warning: Token not allowed in a PDF string (PDFDocEncoding):
(hyperref)                removing `math shift' on input line 88.


Package hyperref Warning: Token not allowed in a PDF string (PDFDocEncoding):
(hyperref)                removing `math shift' on input line 88.

[7 <../img/Convergence4.jpeg>]
<../img/Dull_Penelin.jpeg, id=235, 603.75563pt x 304.88907pt>
File: ../img/Dull_Penelin.jpeg Graphic file (type jpg)
<use ../img/Dull_Penelin.jpeg>
Package pdftex.def Info: ../img/Dull_Penelin.jpeg  used on input line 102.
(pdftex.def)             Requested size: 234.8775pt x 118.6085pt.
<../img/Dendrogram.jpeg, id=238, 720.44156pt x 364.36125pt>
File: ../img/Dendrogram.jpeg Graphic file (type jpg)
<use ../img/Dendrogram.jpeg>
Package pdftex.def Info: ../img/Dendrogram.jpeg  used on input line 117.
(pdftex.def)             Requested size: 234.8775pt x 118.7885pt.
 [8 <../img/Dull_Penelin.jpeg> <../img/Dendrogram.jpeg>]
\openout4 = `main.pyg'.

 (./_minted-main/default-pyg-prefix.pygstyle)
(./_minted-main/default.pygstyle)
(./_minted-main/A7F8A33CBEF694610E864DEB0885AD0E19F985447EC54E8B82C17FA4B4D93AE
9.pygtex)
\openout4 = `main.pyg'.


(./_minted-main/646176042E218EFE0275347B620B105919F985447EC54E8B82C17FA4B4D93AE
9.pygtex)
\openout4 = `main.pyg'.


(./_minted-main/F3D9A6732A4128CE75C7FF5C881B620919F985447EC54E8B82C17FA4B4D93AE
9.pygtex)
\openout3 = `main.pyg'.


(./_minted-main/3599E8525194114A409FDF05F5AB5284D1B441A9AB0E232E9D4562FAA45AEAC
6.pygtex)
\openout3 = `main.pyg'.


(./_minted-main/E9C8589C767BB805652A27EFCAC038B9D1B441A9AB0E232E9D4562FAA45AEAC
6.pygtex)
\openout4 = `main.pyg'.


(./_minted-main/9FB43B74702FD051E9F7F66DB903722019F985447EC54E8B82C17FA4B4D93AE
9.pygtex)
<../img/Data_yn_R.jpg, id=244, 147.55125pt x 183.68625pt>
File: ../img/Data_yn_R.jpg Graphic file (type jpg)
<use ../img/Data_yn_R.jpg>
Package pdftex.def Info: ../img/Data_yn_R.jpg  used on input line 153.
(pdftex.def)             Requested size: 164.41711pt x 204.68732pt.
 [9]
\openout3 = `main.pyg'.


(./_minted-main/A30C43C7FC36BE0790F4F5F9067D925CD1B441A9AB0E232E9D4562FAA45AEAC
6.pygtex)
\openout3 = `main.pyg'.


(./_minted-main/F92489F7019E5CB2A68726DC2C9EE50AD1B441A9AB0E232E9D4562FAA45AEAC
6.pygtex)
<../img/ScatterplotR.jpeg, id=250, 515.67656pt x 364.36125pt>
File: ../img/ScatterplotR.jpeg Graphic file (type jpg)
<use ../img/ScatterplotR.jpeg>
Package pdftex.def Info: ../img/ScatterplotR.jpeg  used on input line 174.
(pdftex.def)             Requested size: 234.8775pt x 165.95697pt.
\openout4 = `main.pyg'.


(./_minted-main/5E2A87C1BCE635CBA05DFE68FCF7D79F19F985447EC54E8B82C17FA4B4D93AE
9.pygtex) [10 <../img/Data_yn_R.jpg> <../img/ScatterplotR.jpeg>]
\openout3 = `main.pyg'.


(./_minted-main/0F1D1D6F722C892983149BF7D93566E0D1B441A9AB0E232E9D4562FAA45AEAC
6.pygtex)
\openout3 = `main.pyg'.


(./_minted-main/5E8FD2B98D2B8BD88F95DA98AEC04B21D1B441A9AB0E232E9D4562FAA45AEAC
6.pygtex)
\openout3 = `main.pyg'.


(./_minted-main/E923CD62B743521548DF05E860663355D1B441A9AB0E232E9D4562FAA45AEAC
6.pygtex)
<../img/Data3_yn_R.jpg, id=256, 205.5178pt x 186.6975pt>
File: ../img/Data3_yn_R.jpg Graphic file (type jpg)
<use ../img/Data3_yn_R.jpg>
Package pdftex.def Info: ../img/Data3_yn_R.jpg  used on input line 201.
(pdftex.def)             Requested size: 234.8775pt x 213.37007pt.
\openout3 = `main.pyg'.


(./_minted-main/8F97496FB26725AAA4BEBEC61972AF47D1B441A9AB0E232E9D4562FAA45AEAC
6.pygtex)
<../img/3clwstwrR.jpeg, id=257, 773.89125pt x 364.36125pt>
File: ../img/3clwstwrR.jpeg Graphic file (type jpg)
<use ../img/3clwstwrR.jpeg>
Package pdftex.def Info: ../img/3clwstwrR.jpeg  used on input line 217.
(pdftex.def)             Requested size: 234.8775pt x 110.58238pt.
 [11 <../img/Data3_yn_R.jpg>]
\openout3 = `main.pyg'.


(./_minted-main/6D00F6673A898F01E1019E83F5793617D1B441A9AB0E232E9D4562FAA45AEAC
6.pygtex)
<../img/Data6_yn_R.jpg, id=262, 246.1697pt x 191.9672pt>
File: ../img/Data6_yn_R.jpg Graphic file (type jpg)
<use ../img/Data6_yn_R.jpg>
Package pdftex.def Info: ../img/Data6_yn_R.jpg  used on input line 231.
(pdftex.def)             Requested size: 234.8775pt x 183.17038pt.
\openout3 = `main.pyg'.


(./_minted-main/3037382DFA1C2A0B5EFC23570BA33854D1B441A9AB0E232E9D4562FAA45AEAC
6.pygtex)
<../img/6clwstwrR.jpeg, id=263, 773.89125pt x 364.36125pt>
File: ../img/6clwstwrR.jpeg Graphic file (type jpg)
<use ../img/6clwstwrR.jpeg>
Package pdftex.def Info: ../img/6clwstwrR.jpeg  used on input line 246.
(pdftex.def)             Requested size: 234.8775pt x 110.58238pt.
 [12 <../img/3clwstwrR.jpeg> <../img/Data6_yn_R.jpg>]
\openout4 = `main.pyg'.


(./_minted-main/2F19884F14598D8DE5EFAE75E6D86A7C4FBEEAFC55D0059826E664B9BBCF372
1.pygtex)
\openout4 = `main.pyg'.


(./_minted-main/D7CB0044FE3B2A357B1F0976C2AC8F114FBEEAFC55D0059826E664B9BBCF372
1.pygtex)
\openout4 = `main.pyg'.


(./_minted-main/005E23B0BA19E6818B5D0010090A5AFD4FBEEAFC55D0059826E664B9BBCF372
1.pygtex)
\openout3 = `main.pyg'.


(./_minted-main/1E7F50A376954251B08E136F125565D84FBEEAFC55D0059826E664B9BBCF372
1.pygtex
LaTeX Font Info:    Font shape `OT1/cmtt/bx/n' in size <10> not available
(Font)              Font shape `OT1/cmtt/m/n' tried instead on input line 2.
)
\openout3 = `main.pyg'.


(./_minted-main/DEAA0C4441F37CC39FEDC9180C299C7D4FBEEAFC55D0059826E664B9BBCF372
1.pygtex)
\openout4 = `main.pyg'.


(./_minted-main/A1AB6DD30A3E575F2DC6E7C5170E57DB19F985447EC54E8B82C17FA4B4D93AE
9.pygtex)
\openout3 = `main.pyg'.


(./_minted-main/199065406915E6291E456A854E4434804FBEEAFC55D0059826E664B9BBCF372
1.pygtex)
<../img/tabl1.jpg, id=269, 156.585pt x 134.00063pt>
File: ../img/tabl1.jpg Graphic file (type jpg)
<use ../img/tabl1.jpg>
Package pdftex.def Info: ../img/tabl1.jpg  used on input line 319.
(pdftex.def)             Requested size: 164.41711pt x 140.70886pt.
\openout3 = `main.pyg'.

 [13 <../img/6clwstwrR.jpeg> <../img/tabl1.jpg>]
(./_minted-main/E9894389E3CC4517928EDB60AA00F7534FBEEAFC55D0059826E664B9BBCF372
1.pygtex)
File: ../img/Scatterpython.jpeg Graphic file (type jpg)
<use ../img/Scatterpython.jpeg>
Package pdftex.def Info: ../img/Scatterpython.jpeg  used on input line 335.
(pdftex.def)             Requested size: 328.82707pt x 219.22668pt.
\openout3 = `main.pyg'.


(./_minted-main/C9A10613C9D6BA94DEC9C44F7B1738314FBEEAFC55D0059826E664B9BBCF372
1.pygtex)
\openout3 = `main.pyg'.


(./_minted-main/C68306B504FB30D357731872BF0641D84FBEEAFC55D0059826E664B9BBCF372
1.pygtex)
<../img/tabl2.jpg, id=274, 226.59656pt x 140.77594pt>
File: ../img/tabl2.jpg Graphic file (type jpg)
<use ../img/tabl2.jpg>
Package pdftex.def Info: ../img/tabl2.jpg  used on input line 356.
(pdftex.def)             Requested size: 164.41711pt x 102.14691pt.
 [14 <../img/tabl2.jpg>]
\openout3 = `main.pyg'.


(./_minted-main/452789828FEC412AD6A6E7024971F2904FBEEAFC55D0059826E664B9BBCF372
1.pygtex)
File: ../img/3clystwrpython.jpeg Graphic file (type jpg)
<use ../img/3clystwrpython.jpeg>
Package pdftex.def Info: ../img/3clystwrpython.jpeg  used on input line 374.
(pdftex.def)             Requested size: 328.82707pt x 219.22668pt.
\openout3 = `main.pyg'.


(./_minted-main/188C952A57B699DB473604A4E19F8EF94FBEEAFC55D0059826E664B9BBCF372
1.pygtex)
\openout3 = `main.pyg'.


(./_minted-main/C68306B504FB30D357731872BF0641D84FBEEAFC55D0059826E664B9BBCF372
1.pygtex)
<../img/tabl3.jpg, id=279, 296.60812pt x 130.98938pt>
File: ../img/tabl3.jpg Graphic file (type jpg)
<use ../img/tabl3.jpg>
Package pdftex.def Info: ../img/tabl3.jpg  used on input line 395.
(pdftex.def)             Requested size: 164.41711pt x 72.612pt.
 [15]
\openout3 = `main.pyg'.


(./_minted-main/8B4F5AE82C01062219B8C374C544E5494FBEEAFC55D0059826E664B9BBCF372
1.pygtex)
<../img/6clystwrpython.jpeg, id=284, 433.62pt x 289.08pt>
File: ../img/6clystwrpython.jpeg Graphic file (type jpg)
<use ../img/6clystwrpython.jpeg>
Package pdftex.def Info: ../img/6clystwrpython.jpeg  used on input line 413.
(pdftex.def)             Requested size: 328.82707pt x 219.22668pt.
) [16 <../img/tabl3.jpg> <../img/6clystwrpython.jpeg>]
\openout2 = `chapters/Atchweliad_logistaidd.aux'.


(./chapters/Atchweliad_logistaidd.tex
Pennod 3.
<../img/Atchweliad_logistaidd.jpeg, id=290, 770.88pt x 364.36125pt>
File: ../img/Atchweliad_logistaidd.jpeg Graphic file (type jpg)
<use ../img/Atchweliad_logistaidd.jpeg>
Package pdftex.def Info: ../img/Atchweliad_logistaidd.jpeg  used on input line 
9.
(pdftex.def)             Requested size: 234.8775pt x 111.01604pt.
<../img/atchweliad_logistaidd_pwyntiau.jpeg, id=291, 612.03656pt x 300.3722pt>
File: ../img/atchweliad_logistaidd_pwyntiau.jpeg Graphic file (type jpg)
<use ../img/atchweliad_logistaidd_pwyntiau.jpeg>
Package pdftex.def Info: ../img/atchweliad_logistaidd_pwyntiau.jpeg  used on in
put line 19.
(pdftex.def)             Requested size: 234.8775pt x 115.2701pt.
[17



 <../img/Atchweliad_logistaidd.jpeg>]
<../img/cymharu_llinol.jpeg, id=296, 612.03656pt x 300.3722pt>
File: ../img/cymharu_llinol.jpeg Graphic file (type jpg)
<use ../img/cymharu_llinol.jpeg>
Package pdftex.def Info: ../img/cymharu_llinol.jpeg  used on input line 29.
(pdftex.def)             Requested size: 234.8775pt x 115.2701pt.
 [18 <../img/atchweliad_logistaidd_pwyntiau.jpeg> <../img/cymharu_llinol.jpeg>]

Overfull \hbox (5.44075pt too wide) in paragraph at lines 87--88
[]\OT1/cmr/m/n/10 (ANGEN ADIO DARN AM Y DAU AL-GO-RITHM AC YCHWAN-EGU REFERENCE
 AR EI CYFER) 
 []

[19]
\openout4 = `main.pyg'.


(./_minted-main/646176042E218EFE0275347B620B105919F985447EC54E8B82C17FA4B4D93AE
9.pygtex)
\openout3 = `main.pyg'.


(./_minted-main/885290C0B0D22D497104B4BB38B6D672D1B441A9AB0E232E9D4562FAA45AEAC
6.pygtex)
\openout4 = `main.pyg'.


(./_minted-main/9FB43B74702FD051E9F7F66DB903722019F985447EC54E8B82C17FA4B4D93AE
9.pygtex)
\openout3 = `main.pyg'.


(./_minted-main/750881924743EE546947CC1D30D3A254D1B441A9AB0E232E9D4562FAA45AEAC
6.pygtex)
\openout3 = `main.pyg'.


(./_minted-main/D5EDCE978B347944AEB83542D5C15D06D1B441A9AB0E232E9D4562FAA45AEAC
6.pygtex)
<../img/data_diabetes_r.jpg, id=313, 344.03531pt x 191.21437pt>
File: ../img/data_diabetes_r.jpg Graphic file (type jpg)
<use ../img/data_diabetes_r.jpg>
Package pdftex.def Info: ../img/data_diabetes_r.jpg  used on input line 120.
(pdftex.def)             Requested size: 234.8775pt x 130.5434pt.
\openout3 = `main.pyg'.

 [20 <../img/data_diabetes_r.jpg>]
(./_minted-main/4E93E82ABB074DD009435E5EBDCF2650D1B441A9AB0E232E9D4562FAA45AEAC
6.pygtex)
\openout3 = `main.pyg'.


(./_minted-main/C052010A8BC60C4CBF3239F8DAAFCC6CD1B441A9AB0E232E9D4562FAA45AEAC
6.pygtex)
\openout4 = `main.pyg'.


(./_minted-main/F39FCEF7D32315D7684052338604262519F985447EC54E8B82C17FA4B4D93AE
9.pygtex)
\openout4 = `main.pyg'.


(./_minted-main/5AC0B0278E11C2000DC3DE3703B44C1319F985447EC54E8B82C17FA4B4D93AE
9.pygtex)
\openout4 = `main.pyg'.


(./_minted-main/7E46B53C37345EA1396AB1F57FB2DA3219F985447EC54E8B82C17FA4B4D93AE
9.pygtex)
\openout3 = `main.pyg'.


(./_minted-main/B52EC11C569B5DCABDD5F82C9AE89D2FD1B441A9AB0E232E9D4562FAA45AEAC
6.pygtex)
\openout3 = `main.pyg'.


(./_minted-main/75C25DF85BFFB964A98B6362E0A8AC63D1B441A9AB0E232E9D4562FAA45AEAC
6.pygtex)
\openout4 = `main.pyg'.


(./_minted-main/15D68BDEC0EE82CB54C03E9CD93739D119F985447EC54E8B82C17FA4B4D93AE
9.pygtex)
\openout4 = `main.pyg'.


(./_minted-main/F35D7EFE3EFB3E67AF82D59C734BF43719F985447EC54E8B82C17FA4B4D93AE
9.pygtex)
\openout3 = `main.pyg'.


(./_minted-main/4162D2DE616A1AB3F1D4EA9E704389E3D1B441A9AB0E232E9D4562FAA45AEAC
6.pygtex) [21]
\openout3 = `main.pyg'.


(./_minted-main/E0C09D509B6D372EEC9A29139917182BD1B441A9AB0E232E9D4562FAA45AEAC
6.pygtex)
\openout3 = `main.pyg'.


(./_minted-main/935F701953465F0367611C4EE1066C9BD1B441A9AB0E232E9D4562FAA45AEAC
6.pygtex)
\openout3 = `main.pyg'.


(./_minted-main/4BC45CC43335044DBFE5E8893A528E5ED1B441A9AB0E232E9D4562FAA45AEAC
6.pygtex)
\openout4 = `main.pyg'.


(./_minted-main/DB22EB6F271F4E4BE4BA5D01A0ADB69D4FBEEAFC55D0059826E664B9BBCF372
1.pygtex)
\openout4 = `main.pyg'.


(./_minted-main/2F19884F14598D8DE5EFAE75E6D86A7C4FBEEAFC55D0059826E664B9BBCF372
1.pygtex)
\openout3 = `main.pyg'.

 [22]
(./_minted-main/CF758321D48D53C1951A6339C46292E14FBEEAFC55D0059826E664B9BBCF372
1.pygtex)
\openout3 = `main.pyg'.


(./_minted-main/3D2CC16144463F018A0D398F5DF1C0F54FBEEAFC55D0059826E664B9BBCF372
1.pygtex)
\openout3 = `main.pyg'.


(./_minted-main/C68306B504FB30D357731872BF0641D84FBEEAFC55D0059826E664B9BBCF372
1.pygtex)
<../img/data_diabetes_python.jpg, id=327, 326.72063pt x 123.46124pt>
File: ../img/data_diabetes_python.jpg Graphic file (type jpg)
<use ../img/data_diabetes_python.jpg>
Package pdftex.def Info: ../img/data_diabetes_python.jpg  used on input line 23
1.
(pdftex.def)             Requested size: 234.8775pt x 88.75449pt.
\openout3 = `main.pyg'.


(./_minted-main/1B02BC262D5B1652BB5DA55EE4D4A9914FBEEAFC55D0059826E664B9BBCF372
1.pygtex)
\openout3 = `main.pyg'.


(./_minted-main/B615963FB43A7DB710038CE0117909C54FBEEAFC55D0059826E664B9BBCF372
1.pygtex)
\openout3 = `main.pyg'.


(./_minted-main/82DF8635378EB2421BFAA132BE1348D14FBEEAFC55D0059826E664B9BBCF372
1.pygtex)
\openout4 = `main.pyg'.


(./_minted-main/DB22EB6F271F4E4BE4BA5D01A0ADB69D4FBEEAFC55D0059826E664B9BBCF372
1.pygtex) [23 <../img/data_diabetes_python.jpg>]
\openout3 = `main.pyg'.


(./_minted-main/1C27FD356112392A5E3AB590902998624FBEEAFC55D0059826E664B9BBCF372
1.pygtex)
\openout3 = `main.pyg'.


(./_minted-main/7901F003E7319FB8D4AB6F50FCB20DA74FBEEAFC55D0059826E664B9BBCF372
1.pygtex)
\openout3 = `main.pyg'.


(./_minted-main/495D98D03DA5A3DBE9F083AE31AA77B94FBEEAFC55D0059826E664B9BBCF372
1.pygtex)
\openout3 = `main.pyg'.


(./_minted-main/67358B1A3847DA6690A32C30D92FD1914FBEEAFC55D0059826E664B9BBCF372
1.pygtex)
\openout3 = `main.pyg'.


(./_minted-main/14BF57F0F8F2DA020B3DBCBB973A7EA64FBEEAFC55D0059826E664B9BBCF372
1.pygtex)
\openout3 = `main.pyg'.


(./_minted-main/78C2AA0B2FFA3C535AB82B215F0ABEC54FBEEAFC55D0059826E664B9BBCF372
1.pygtex)) [24]
\openout2 = `chapters/Termau.aux'.

 (./chapters/Termau.tex
Pennod 4.
) [25



] (./main.bbl) [26


]
Package atveryend Info: Empty hook `BeforeClearDocument' on input line 46.
Package atveryend Info: Empty hook `AfterLastShipout' on input line 46.
 (./main.aux (./frontcover.aux) (./diolchadau.aux)
(./chapters/Cyflwyniad.aux) (./chapters/Clystyru_k_modd.aux)
(./chapters/Atchweliad_logistaidd.aux) (./chapters/Termau.aux))
Package atveryend Info: Executing hook `AtVeryEndDocument' on input line 46.
Package atveryend Info: Executing hook `AtEndAfterFileList' on input line 46.
Package rerunfilecheck Info: File `main.out' has not changed.
(rerunfilecheck)             Checksum: 78C43726FF1BFDF904F5884134223B33;1610.
runsystem(rm main.pyg)...executed.

 ) 
Here is how much of TeX's memory you used:
 32048 strings out of 492616
 650374 string characters out of 6129481
 839147 words of memory out of 5000000
 35176 multiletter control sequences out of 15000+600000
 547809 words of font info for 84 fonts, out of 8000000 for 9000
 1141 hyphenation exceptions out of 8191
 55i,8n,67p,839b,459s stack positions out of 5000i,500n,10000p,200000b,80000s
</usr/local/texlive/2019/texmf-dist/fonts/type1/public/amsfonts/cm/cmbx10.pfb
></usr/local/texlive/2019/texmf-dist/fonts/type1/public/amsfonts/cm/cmbx12.pfb>
</usr/local/texlive/2019/texmf-dist/fonts/type1/public/amsfonts/cm/cmbx7.pfb></
usr/local/texlive/2019/texmf-dist/fonts/type1/public/amsfonts/cm/cmbx8.pfb></us
r/local/texlive/2019/texmf-dist/fonts/type1/public/amsfonts/cm/cmex10.pfb></usr
/local/texlive/2019/texmf-dist/fonts/type1/public/amsfonts/cmextra/cmex7.pfb></
usr/local/texlive/2019/texmf-dist/fonts/type1/public/amsfonts/cmextra/cmex8.pfb
></usr/local/texlive/2019/texmf-dist/fonts/type1/public/amsfonts/cm/cmmi10.pfb>
</usr/local/texlive/2019/texmf-dist/fonts/type1/public/amsfonts/cm/cmmi12.pfb><
/usr/local/texlive/2019/texmf-dist/fonts/type1/public/amsfonts/cm/cmmi5.pfb></u
sr/local/texlive/2019/texmf-dist/fonts/type1/public/amsfonts/cm/cmmi6.pfb></usr
/local/texlive/2019/texmf-dist/fonts/type1/public/amsfonts/cm/cmmi7.pfb></usr/l
ocal/texlive/2019/texmf-dist/fonts/type1/public/amsfonts/cm/cmmi8.pfb></usr/loc
al/texlive/2019/texmf-dist/fonts/type1/public/amsfonts/cm/cmr10.pfb></usr/local
/texlive/2019/texmf-dist/fonts/type1/public/amsfonts/cm/cmr5.pfb></usr/local/te
xlive/2019/texmf-dist/fonts/type1/public/amsfonts/cm/cmr6.pfb></usr/local/texli
ve/2019/texmf-dist/fonts/type1/public/amsfonts/cm/cmr7.pfb></usr/local/texlive/
2019/texmf-dist/fonts/type1/public/amsfonts/cm/cmr8.pfb></usr/local/texlive/201
9/texmf-dist/fonts/type1/public/amsfonts/cm/cmsy10.pfb></usr/local/texlive/2019
/texmf-dist/fonts/type1/public/amsfonts/cm/cmsy7.pfb></usr/local/texlive/2019/t
exmf-dist/fonts/type1/public/amsfonts/cm/cmsy8.pfb></usr/local/texlive/2019/tex
mf-dist/fonts/type1/public/amsfonts/cm/cmtt10.pfb>
Output written on main.pdf (27 pages, 1542848 bytes).
PDF statistics:
 435 PDF objects out of 1000 (max. 8388607)
 354 compressed objects within 4 object streams
 78 named destinations out of 1000 (max. 500000)
 333 words of extra memory for PDF output out of 10000 (max. 10000000)

