\BOOKMARK [0][-]{chapter.1}{Cyflwyniad}{}% 1
\BOOKMARK [1][-]{section.1.1}{Beth yw Dysgu Peirianyddol}{chapter.1}% 2
\BOOKMARK [2][-]{subsection.1.1.1}{Dysgu dan Oruchwyliaeth}{section.1.1}% 3
\BOOKMARK [2][-]{subsection.1.1.2}{Dysgu heb Oruchwyliaeth}{section.1.1}% 4
\BOOKMARK [2][-]{subsection.1.1.3}{Darllen Pellach}{section.1.1}% 5
\BOOKMARK [1][-]{section.1.2}{Pam}{chapter.1}% 6
\BOOKMARK [2][-]{subsection.1.2.1}{Be sydd yna yn barod?}{section.1.2}% 7
\BOOKMARK [2][-]{subsection.1.2.2}{Pam Python ag R?}{section.1.2}% 8
\BOOKMARK [2][-]{subsection.1.2.3}{Pam Cymraeg?}{section.1.2}% 9
\BOOKMARK [1][-]{section.1.3}{Strwythyr}{chapter.1}% 10
\BOOKMARK [0][-]{chapter.2}{Clystyru k-cymedr}{}% 11
\BOOKMARK [1][-]{section.2.1}{Cefndir}{chapter.2}% 12
\BOOKMARK [1][-]{section.2.2}{Sut mae Clystyru K-cymedr yn gweithio?}{chapter.2}% 13
\BOOKMARK [2][-]{subsection.2.2.1}{Y Dull}{section.2.2}% 14
\BOOKMARK [2][-]{subsection.2.2.2}{Yr Algorithm}{section.2.2}% 15
\BOOKMARK [2][-]{subsection.2.2.3}{Sut i ddarganfod y k orau?}{section.2.2}% 16
\BOOKMARK [1][-]{section.2.3}{Tiwtorial yn R}{chapter.2}% 17
\BOOKMARK [1][-]{section.2.4}{Tiwtorial yn python}{chapter.2}% 18
\BOOKMARK [0][-]{chapter.3}{Atchweliad Logistaidd}{}% 19
\BOOKMARK [1][-]{section.3.1}{Cefndir}{chapter.3}% 20
\BOOKMARK [1][-]{section.3.2}{Sut mae atchweliad logistaidd yn gweithio?}{chapter.3}% 21
\BOOKMARK [2][-]{subsection.3.2.1}{Yr Algorithm}{section.3.2}% 22
\BOOKMARK [1][-]{section.3.3}{Tiwtorial yn R}{chapter.3}% 23
\BOOKMARK [1][-]{section.3.4}{Tiwtorial yn Python}{chapter.3}% 24
\BOOKMARK [0][-]{chapter.4}{Termau}{}% 25
